{"ts": 1768830837.1257164, "event": "Ingest", "payload": {"documents": 3, "chunks": 3, "index": "D:\\AAAA_Personal\\4QUATRIEME_ANNEE\\Master-SI-Bizerte\\Certification-M.Fath-Allah\\Exam\\Examen MR2-IngenProtoc-13-01-2026-Final\\Phase 2\\data\\index\\docs.faiss"}}
{"ts": 1768830849.3104978, "event": "Log_Interaction", "payload": {"user_text": "Quelles sont les étapes pour renouveler la CIN ?", "language": "fr"}}
{"ts": 1768830849.3108785, "event": "Safety_Check", "payload": {"action": "allow", "reason": "No sensitive data detected."}}
{"ts": 1768830849.311035, "event": "Tool_Select", "payload": {"selected": "retrieve", "top_k": 4}}
{"ts": 1768830853.8012936, "event": "Tool_Result", "payload": {"selected": "retrieve", "retrieved_count": 3, "retrieved_sources": ["D:\\AAAA_Personal\\4QUATRIEME_ANNEE\\Master-SI-Bizerte\\Certification-M.Fath-Allah\\Exam\\Examen MR2-IngenProtoc-13-01-2026-Final\\Phase 2\\data\\raw\\procedure_cin_renewal_fr.txt", "D:\\AAAA_Personal\\4QUATRIEME_ANNEE\\Master-SI-Bizerte\\Certification-M.Fath-Allah\\Exam\\Examen MR2-IngenProtoc-13-01-2026-Final\\Phase 2\\data\\raw\\procedure_building_permit_ar.txt", "D:\\AAAA_Personal\\4QUATRIEME_ANNEE\\Master-SI-Bizerte\\Certification-M.Fath-Allah\\Exam\\Examen MR2-IngenProtoc-13-01-2026-Final\\Phase 2\\data\\raw\\procedure_tax_simplified_fr.txt"]}}
{"ts": 1768830853.8027217, "event": "Generate_Response", "payload": {"mode": "extractive"}}
{"ts": 1768830863.4951572, "event": "Log_Interaction", "payload": {"user_text": "What are the steps for renewing an ID card (CIN) in Tunisia?", "language": "en"}}
{"ts": 1768830863.4954762, "event": "Safety_Check", "payload": {"action": "allow", "reason": "No sensitive data detected."}}
{"ts": 1768830863.4956996, "event": "Tool_Select", "payload": {"selected": "retrieve", "top_k": 4}}
{"ts": 1768830867.7110207, "event": "Tool_Result", "payload": {"selected": "retrieve", "retrieved_count": 3, "retrieved_sources": ["D:\\AAAA_Personal\\4QUATRIEME_ANNEE\\Master-SI-Bizerte\\Certification-M.Fath-Allah\\Exam\\Examen MR2-IngenProtoc-13-01-2026-Final\\Phase 2\\data\\raw\\procedure_cin_renewal_fr.txt", "D:\\AAAA_Personal\\4QUATRIEME_ANNEE\\Master-SI-Bizerte\\Certification-M.Fath-Allah\\Exam\\Examen MR2-IngenProtoc-13-01-2026-Final\\Phase 2\\data\\raw\\procedure_building_permit_ar.txt", "D:\\AAAA_Personal\\4QUATRIEME_ANNEE\\Master-SI-Bizerte\\Certification-M.Fath-Allah\\Exam\\Examen MR2-IngenProtoc-13-01-2026-Final\\Phase 2\\data\\raw\\procedure_tax_simplified_fr.txt"]}}
{"ts": 1768830867.7114737, "event": "Generate_Response", "payload": {"mode": "extractive"}}
{"ts": 1768830867.7140179, "event": "Log_Interaction", "payload": {"user_text": "أريد شرح الإجراءات لتجديد بطاقة التعريف الوطنية. Please answer in French.", "language": "ar"}}
{"ts": 1768830867.7143965, "event": "Safety_Check", "payload": {"action": "allow", "reason": "No sensitive data detected."}}
{"ts": 1768830867.714693, "event": "Tool_Select", "payload": {"selected": "retrieve", "top_k": 4}}
{"ts": 1768830867.7252812, "event": "Tool_Result", "payload": {"selected": "retrieve", "retrieved_count": 3, "retrieved_sources": ["D:\\AAAA_Personal\\4QUATRIEME_ANNEE\\Master-SI-Bizerte\\Certification-M.Fath-Allah\\Exam\\Examen MR2-IngenProtoc-13-01-2026-Final\\Phase 2\\data\\raw\\procedure_cin_renewal_fr.txt", "D:\\AAAA_Personal\\4QUATRIEME_ANNEE\\Master-SI-Bizerte\\Certification-M.Fath-Allah\\Exam\\Examen MR2-IngenProtoc-13-01-2026-Final\\Phase 2\\data\\raw\\procedure_building_permit_ar.txt", "D:\\AAAA_Personal\\4QUATRIEME_ANNEE\\Master-SI-Bizerte\\Certification-M.Fath-Allah\\Exam\\Examen MR2-IngenProtoc-13-01-2026-Final\\Phase 2\\data\\raw\\procedure_tax_simplified_fr.txt"]}}
{"ts": 1768830867.7256598, "event": "Generate_Response", "payload": {"mode": "extractive"}}
{"ts": 1768830867.7275937, "event": "Log_Interaction", "payload": {"user_text": "Mon CIN est 01234567, peux-tu vérifier mon statut ?", "language": "fr"}}
{"ts": 1768830867.727781, "event": "Safety_Check", "payload": {"action": "refuse", "reason": "Detected sensitive citizen-identifiable data (cin_like)."}}
{"ts": 1768830867.728156, "event": "Generate_Response", "payload": {"mode": "refusal"}}
{"ts": 1768830867.7311385, "event": "Log_Interaction", "payload": {"user_text": "Quelles pièces faut-il pour une déclaration fiscale simplifiée ?", "language": "fr"}}
{"ts": 1768830867.731346, "event": "Safety_Check", "payload": {"action": "allow", "reason": "No sensitive data detected."}}
{"ts": 1768830867.7315023, "event": "Tool_Select", "payload": {"selected": "retrieve", "top_k": 4}}
{"ts": 1768830867.740055, "event": "Tool_Result", "payload": {"selected": "retrieve", "retrieved_count": 3, "retrieved_sources": ["D:\\AAAA_Personal\\4QUATRIEME_ANNEE\\Master-SI-Bizerte\\Certification-M.Fath-Allah\\Exam\\Examen MR2-IngenProtoc-13-01-2026-Final\\Phase 2\\data\\raw\\procedure_tax_simplified_fr.txt", "D:\\AAAA_Personal\\4QUATRIEME_ANNEE\\Master-SI-Bizerte\\Certification-M.Fath-Allah\\Exam\\Examen MR2-IngenProtoc-13-01-2026-Final\\Phase 2\\data\\raw\\procedure_building_permit_ar.txt", "D:\\AAAA_Personal\\4QUATRIEME_ANNEE\\Master-SI-Bizerte\\Certification-M.Fath-Allah\\Exam\\Examen MR2-IngenProtoc-13-01-2026-Final\\Phase 2\\data\\raw\\procedure_cin_renewal_fr.txt"]}}
{"ts": 1768830867.7403748, "event": "Generate_Response", "payload": {"mode": "extractive"}}
{"ts": 1768830867.7413275, "event": "Log_Interaction", "payload": {"user_text": "كيفاش نعمل مطلب رخصة بناء؟", "language": "ar"}}
{"ts": 1768830867.7415178, "event": "Safety_Check", "payload": {"action": "allow", "reason": "No sensitive data detected."}}
{"ts": 1768830867.7419963, "event": "Tool_Select", "payload": {"selected": "retrieve", "top_k": 4}}
{"ts": 1768830867.7534592, "event": "Tool_Result", "payload": {"selected": "retrieve", "retrieved_count": 3, "retrieved_sources": ["D:\\AAAA_Personal\\4QUATRIEME_ANNEE\\Master-SI-Bizerte\\Certification-M.Fath-Allah\\Exam\\Examen MR2-IngenProtoc-13-01-2026-Final\\Phase 2\\data\\raw\\procedure_building_permit_ar.txt", "D:\\AAAA_Personal\\4QUATRIEME_ANNEE\\Master-SI-Bizerte\\Certification-M.Fath-Allah\\Exam\\Examen MR2-IngenProtoc-13-01-2026-Final\\Phase 2\\data\\raw\\procedure_cin_renewal_fr.txt", "D:\\AAAA_Personal\\4QUATRIEME_ANNEE\\Master-SI-Bizerte\\Certification-M.Fath-Allah\\Exam\\Examen MR2-IngenProtoc-13-01-2026-Final\\Phase 2\\data\\raw\\procedure_tax_simplified_fr.txt"]}}
{"ts": 1768830867.7538095, "event": "Generate_Response", "payload": {"mode": "extractive"}}
{"ts": 1768831026.6143868, "event": "Ingest", "payload": {"documents": 3, "chunks": 3, "index": "D:\\AAAA_Personal\\4QUATRIEME_ANNEE\\Master-SI-Bizerte\\Certification-M.Fath-Allah\\Exam\\Examen MR2-IngenProtoc-13-01-2026-Final\\Phase 2\\data\\index\\docs.faiss"}}
{"ts": 1768831048.1648765, "event": "Log_Interaction", "payload": {"user_text": "What are the steps for renewing an ID card (CIN) in Tunisia?", "language": "en"}}
{"ts": 1768831048.1651695, "event": "Safety_Check", "payload": {"action": "allow", "reason": "No sensitive data detected."}}
{"ts": 1768831048.1654077, "event": "Tool_Select", "payload": {"selected": "retrieve", "top_k": 4}}
{"ts": 1768831052.9587963, "event": "Tool_Result", "payload": {"selected": "retrieve", "retrieved_count": 3, "retrieved_sources": ["D:\\AAAA_Personal\\4QUATRIEME_ANNEE\\Master-SI-Bizerte\\Certification-M.Fath-Allah\\Exam\\Examen MR2-IngenProtoc-13-01-2026-Final\\Phase 2\\data\\raw\\procedure_cin_renewal_fr.txt", "D:\\AAAA_Personal\\4QUATRIEME_ANNEE\\Master-SI-Bizerte\\Certification-M.Fath-Allah\\Exam\\Examen MR2-IngenProtoc-13-01-2026-Final\\Phase 2\\data\\raw\\procedure_building_permit_ar.txt", "D:\\AAAA_Personal\\4QUATRIEME_ANNEE\\Master-SI-Bizerte\\Certification-M.Fath-Allah\\Exam\\Examen MR2-IngenProtoc-13-01-2026-Final\\Phase 2\\data\\raw\\procedure_tax_simplified_fr.txt"]}}
{"ts": 1768831052.9592183, "event": "Generate_Response", "payload": {"mode": "extractive"}}
{"ts": 1768831052.9605267, "event": "Log_Interaction", "payload": {"user_text": "أريد شرح الإجراءات لتجديد بطاقة التعريف الوطنية. Please answer in French.", "language": "ar"}}
{"ts": 1768831052.960867, "event": "Safety_Check", "payload": {"action": "allow", "reason": "No sensitive data detected."}}
{"ts": 1768831052.961131, "event": "Tool_Select", "payload": {"selected": "retrieve", "top_k": 4}}
{"ts": 1768831052.9733622, "event": "Tool_Result", "payload": {"selected": "retrieve", "retrieved_count": 3, "retrieved_sources": ["D:\\AAAA_Personal\\4QUATRIEME_ANNEE\\Master-SI-Bizerte\\Certification-M.Fath-Allah\\Exam\\Examen MR2-IngenProtoc-13-01-2026-Final\\Phase 2\\data\\raw\\procedure_cin_renewal_fr.txt", "D:\\AAAA_Personal\\4QUATRIEME_ANNEE\\Master-SI-Bizerte\\Certification-M.Fath-Allah\\Exam\\Examen MR2-IngenProtoc-13-01-2026-Final\\Phase 2\\data\\raw\\procedure_building_permit_ar.txt", "D:\\AAAA_Personal\\4QUATRIEME_ANNEE\\Master-SI-Bizerte\\Certification-M.Fath-Allah\\Exam\\Examen MR2-IngenProtoc-13-01-2026-Final\\Phase 2\\data\\raw\\procedure_tax_simplified_fr.txt"]}}
{"ts": 1768831052.9736547, "event": "Generate_Response", "payload": {"mode": "extractive"}}
{"ts": 1768831052.9752085, "event": "Log_Interaction", "payload": {"user_text": "Mon CIN est 01234567, peux-tu vérifier mon statut ?", "language": "fr"}}
{"ts": 1768831052.9753737, "event": "Safety_Check", "payload": {"action": "refuse", "reason": "Detected sensitive citizen-identifiable data (cin_like)."}}
{"ts": 1768831052.9754853, "event": "Generate_Response", "payload": {"mode": "refusal"}}
{"ts": 1768831052.9771059, "event": "Log_Interaction", "payload": {"user_text": "Quelles pièces faut-il pour une déclaration fiscale simplifiée ?", "language": "fr"}}
{"ts": 1768831052.977282, "event": "Safety_Check", "payload": {"action": "allow", "reason": "No sensitive data detected."}}
{"ts": 1768831052.9773998, "event": "Tool_Select", "payload": {"selected": "retrieve", "top_k": 4}}
{"ts": 1768831052.9862626, "event": "Tool_Result", "payload": {"selected": "retrieve", "retrieved_count": 3, "retrieved_sources": ["D:\\AAAA_Personal\\4QUATRIEME_ANNEE\\Master-SI-Bizerte\\Certification-M.Fath-Allah\\Exam\\Examen MR2-IngenProtoc-13-01-2026-Final\\Phase 2\\data\\raw\\procedure_tax_simplified_fr.txt", "D:\\AAAA_Personal\\4QUATRIEME_ANNEE\\Master-SI-Bizerte\\Certification-M.Fath-Allah\\Exam\\Examen MR2-IngenProtoc-13-01-2026-Final\\Phase 2\\data\\raw\\procedure_building_permit_ar.txt", "D:\\AAAA_Personal\\4QUATRIEME_ANNEE\\Master-SI-Bizerte\\Certification-M.Fath-Allah\\Exam\\Examen MR2-IngenProtoc-13-01-2026-Final\\Phase 2\\data\\raw\\procedure_cin_renewal_fr.txt"]}}
{"ts": 1768831052.9866037, "event": "Generate_Response", "payload": {"mode": "extractive"}}
{"ts": 1768831052.9875498, "event": "Log_Interaction", "payload": {"user_text": "كيفاش نعمل مطلب رخصة بناء؟", "language": "ar"}}
{"ts": 1768831052.9877415, "event": "Safety_Check", "payload": {"action": "allow", "reason": "No sensitive data detected."}}
{"ts": 1768831052.9881692, "event": "Tool_Select", "payload": {"selected": "retrieve", "top_k": 4}}
{"ts": 1768831053.0010197, "event": "Tool_Result", "payload": {"selected": "retrieve", "retrieved_count": 3, "retrieved_sources": ["D:\\AAAA_Personal\\4QUATRIEME_ANNEE\\Master-SI-Bizerte\\Certification-M.Fath-Allah\\Exam\\Examen MR2-IngenProtoc-13-01-2026-Final\\Phase 2\\data\\raw\\procedure_building_permit_ar.txt", "D:\\AAAA_Personal\\4QUATRIEME_ANNEE\\Master-SI-Bizerte\\Certification-M.Fath-Allah\\Exam\\Examen MR2-IngenProtoc-13-01-2026-Final\\Phase 2\\data\\raw\\procedure_cin_renewal_fr.txt", "D:\\AAAA_Personal\\4QUATRIEME_ANNEE\\Master-SI-Bizerte\\Certification-M.Fath-Allah\\Exam\\Examen MR2-IngenProtoc-13-01-2026-Final\\Phase 2\\data\\raw\\procedure_tax_simplified_fr.txt"]}}
{"ts": 1768831053.0013475, "event": "Generate_Response", "payload": {"mode": "extractive"}}
{"ts": 1768831992.6989086, "event": "Ingest", "payload": {"documents": 3, "chunks": 3, "index": "D:\\AAAA_Personal\\4QUATRIEME_ANNEE\\Master-SI-Bizerte\\Certification-M.Fath-Allah\\Exam\\Examen MR2-IngenProtoc-13-01-2026-Final\\Phase 2\\data\\index\\docs.faiss"}}
{"ts": 1768832101.5543034, "event": "Log_Interaction", "payload": {"user_text": "string", "language": "sv"}}
{"ts": 1768832101.5546496, "event": "Safety_Check", "payload": {"action": "allow", "reason": "No sensitive data detected."}}
{"ts": 1768832101.5548043, "event": "Tool_Select", "payload": {"selected": "retrieve", "top_k": 4}}
{"ts": 1768832101.5752993, "event": "Tool_Result", "payload": {"selected": "retrieve", "retrieved_count": 3, "retrieved_sources": ["D:\\AAAA_Personal\\4QUATRIEME_ANNEE\\Master-SI-Bizerte\\Certification-M.Fath-Allah\\Exam\\Examen MR2-IngenProtoc-13-01-2026-Final\\Phase 2\\data\\raw\\procedure_tax_simplified_fr.txt", "D:\\AAAA_Personal\\4QUATRIEME_ANNEE\\Master-SI-Bizerte\\Certification-M.Fath-Allah\\Exam\\Examen MR2-IngenProtoc-13-01-2026-Final\\Phase 2\\data\\raw\\procedure_cin_renewal_fr.txt", "D:\\AAAA_Personal\\4QUATRIEME_ANNEE\\Master-SI-Bizerte\\Certification-M.Fath-Allah\\Exam\\Examen MR2-IngenProtoc-13-01-2026-Final\\Phase 2\\data\\raw\\procedure_building_permit_ar.txt"]}}
{"ts": 1768832101.5756962, "event": "Generate_Response", "payload": {"mode": "extractive"}}
{"ts": 1768832634.7920382, "event": "Log_Interaction", "payload": {"user_text": "string", "language": "sv"}}
{"ts": 1768832634.7924066, "event": "Safety_Check", "payload": {"action": "allow", "reason": "No sensitive data detected."}}
{"ts": 1768832634.7925668, "event": "Tool_Select", "payload": {"selected": "retrieve", "top_k": 4}}
{"ts": 1768832634.8081443, "event": "Tool_Result", "payload": {"selected": "retrieve", "retrieved_count": 3, "retrieved_sources": ["D:\\AAAA_Personal\\4QUATRIEME_ANNEE\\Master-SI-Bizerte\\Certification-M.Fath-Allah\\Exam\\Examen MR2-IngenProtoc-13-01-2026-Final\\Phase 2\\data\\raw\\procedure_tax_simplified_fr.txt", "D:\\AAAA_Personal\\4QUATRIEME_ANNEE\\Master-SI-Bizerte\\Certification-M.Fath-Allah\\Exam\\Examen MR2-IngenProtoc-13-01-2026-Final\\Phase 2\\data\\raw\\procedure_cin_renewal_fr.txt", "D:\\AAAA_Personal\\4QUATRIEME_ANNEE\\Master-SI-Bizerte\\Certification-M.Fath-Allah\\Exam\\Examen MR2-IngenProtoc-13-01-2026-Final\\Phase 2\\data\\raw\\procedure_building_permit_ar.txt"]}}
{"ts": 1768832634.8085637, "event": "Generate_Response", "payload": {"mode": "extractive"}}
{"ts": 1768832783.2230303, "event": "Log_Interaction", "payload": {"user_text": "What are the steps for renewing an ID card (CIN) in Tunisia?", "language": "en"}}
{"ts": 1768832783.2233565, "event": "Safety_Check", "payload": {"action": "allow", "reason": "No sensitive data detected."}}
{"ts": 1768832783.2235768, "event": "Tool_Select", "payload": {"selected": "retrieve", "top_k": 4}}
{"ts": 1768832787.2413144, "event": "Tool_Result", "payload": {"selected": "retrieve", "retrieved_count": 3, "retrieved_sources": ["D:\\AAAA_Personal\\4QUATRIEME_ANNEE\\Master-SI-Bizerte\\Certification-M.Fath-Allah\\Exam\\Examen MR2-IngenProtoc-13-01-2026-Final\\Phase 2\\data\\raw\\procedure_cin_renewal_fr.txt", "D:\\AAAA_Personal\\4QUATRIEME_ANNEE\\Master-SI-Bizerte\\Certification-M.Fath-Allah\\Exam\\Examen MR2-IngenProtoc-13-01-2026-Final\\Phase 2\\data\\raw\\procedure_building_permit_ar.txt", "D:\\AAAA_Personal\\4QUATRIEME_ANNEE\\Master-SI-Bizerte\\Certification-M.Fath-Allah\\Exam\\Examen MR2-IngenProtoc-13-01-2026-Final\\Phase 2\\data\\raw\\procedure_tax_simplified_fr.txt"]}}
{"ts": 1768832787.2417336, "event": "Generate_Response", "payload": {"mode": "extractive"}}
{"ts": 1768832787.24285, "event": "Log_Interaction", "payload": {"user_text": "أريد شرح الإجراءات لتجديد بطاقة التعريف الوطنية. Please answer in French.", "language": "ar"}}
{"ts": 1768832787.2431514, "event": "Safety_Check", "payload": {"action": "allow", "reason": "No sensitive data detected."}}
{"ts": 1768832787.243439, "event": "Tool_Select", "payload": {"selected": "retrieve", "top_k": 4}}
{"ts": 1768832787.2585526, "event": "Tool_Result", "payload": {"selected": "retrieve", "retrieved_count": 3, "retrieved_sources": ["D:\\AAAA_Personal\\4QUATRIEME_ANNEE\\Master-SI-Bizerte\\Certification-M.Fath-Allah\\Exam\\Examen MR2-IngenProtoc-13-01-2026-Final\\Phase 2\\data\\raw\\procedure_cin_renewal_fr.txt", "D:\\AAAA_Personal\\4QUATRIEME_ANNEE\\Master-SI-Bizerte\\Certification-M.Fath-Allah\\Exam\\Examen MR2-IngenProtoc-13-01-2026-Final\\Phase 2\\data\\raw\\procedure_building_permit_ar.txt", "D:\\AAAA_Personal\\4QUATRIEME_ANNEE\\Master-SI-Bizerte\\Certification-M.Fath-Allah\\Exam\\Examen MR2-IngenProtoc-13-01-2026-Final\\Phase 2\\data\\raw\\procedure_tax_simplified_fr.txt"]}}
{"ts": 1768832787.2590213, "event": "Generate_Response", "payload": {"mode": "extractive"}}
{"ts": 1768832787.2616205, "event": "Log_Interaction", "payload": {"user_text": "Mon CIN est 01234567, peux-tu vérifier mon statut ?", "language": "fr"}}
{"ts": 1768832787.261927, "event": "Safety_Check", "payload": {"action": "refuse", "reason": "Detected sensitive citizen-identifiable data (cin_like)."}}
{"ts": 1768832787.2622128, "event": "Generate_Response", "payload": {"mode": "refusal"}}
{"ts": 1768832787.26439, "event": "Log_Interaction", "payload": {"user_text": "Quelles pièces faut-il pour une déclaration fiscale simplifiée ?", "language": "fr"}}
{"ts": 1768832787.26469, "event": "Safety_Check", "payload": {"action": "allow", "reason": "No sensitive data detected."}}
{"ts": 1768832787.2649508, "event": "Tool_Select", "payload": {"selected": "retrieve", "top_k": 4}}
{"ts": 1768832787.2742436, "event": "Tool_Result", "payload": {"selected": "retrieve", "retrieved_count": 3, "retrieved_sources": ["D:\\AAAA_Personal\\4QUATRIEME_ANNEE\\Master-SI-Bizerte\\Certification-M.Fath-Allah\\Exam\\Examen MR2-IngenProtoc-13-01-2026-Final\\Phase 2\\data\\raw\\procedure_tax_simplified_fr.txt", "D:\\AAAA_Personal\\4QUATRIEME_ANNEE\\Master-SI-Bizerte\\Certification-M.Fath-Allah\\Exam\\Examen MR2-IngenProtoc-13-01-2026-Final\\Phase 2\\data\\raw\\procedure_building_permit_ar.txt", "D:\\AAAA_Personal\\4QUATRIEME_ANNEE\\Master-SI-Bizerte\\Certification-M.Fath-Allah\\Exam\\Examen MR2-IngenProtoc-13-01-2026-Final\\Phase 2\\data\\raw\\procedure_cin_renewal_fr.txt"]}}
{"ts": 1768832787.274516, "event": "Generate_Response", "payload": {"mode": "extractive"}}
{"ts": 1768832787.2752864, "event": "Log_Interaction", "payload": {"user_text": "كيفاش نعمل مطلب رخصة بناء؟", "language": "ar"}}
{"ts": 1768832787.2754314, "event": "Safety_Check", "payload": {"action": "allow", "reason": "No sensitive data detected."}}
{"ts": 1768832787.2755444, "event": "Tool_Select", "payload": {"selected": "retrieve", "top_k": 4}}
{"ts": 1768832787.2834582, "event": "Tool_Result", "payload": {"selected": "retrieve", "retrieved_count": 3, "retrieved_sources": ["D:\\AAAA_Personal\\4QUATRIEME_ANNEE\\Master-SI-Bizerte\\Certification-M.Fath-Allah\\Exam\\Examen MR2-IngenProtoc-13-01-2026-Final\\Phase 2\\data\\raw\\procedure_building_permit_ar.txt", "D:\\AAAA_Personal\\4QUATRIEME_ANNEE\\Master-SI-Bizerte\\Certification-M.Fath-Allah\\Exam\\Examen MR2-IngenProtoc-13-01-2026-Final\\Phase 2\\data\\raw\\procedure_cin_renewal_fr.txt", "D:\\AAAA_Personal\\4QUATRIEME_ANNEE\\Master-SI-Bizerte\\Certification-M.Fath-Allah\\Exam\\Examen MR2-IngenProtoc-13-01-2026-Final\\Phase 2\\data\\raw\\procedure_tax_simplified_fr.txt"]}}
{"ts": 1768832787.2837486, "event": "Generate_Response", "payload": {"mode": "extractive"}}
{"ts": 1768833123.4277067, "event": "Ingest", "payload": {"documents": 3, "chunks": 3, "index": "D:\\AAAA_Personal\\4QUATRIEME_ANNEE\\Master-SI-Bizerte\\Certification-M.Fath-Allah\\Exam\\Examen MR2-IngenProtoc-13-01-2026-Final\\Phase 2\\data\\index\\docs.faiss"}}
